Running: /opt/Xilinx/14.7/ISE_DS/ISE/bin/lin64/unwrapped/fuse -intstyle ise -incremental -lib unisims_ver -lib unimacro_ver -lib xilinxcorelib_ver -o /home/ise/_ise_projects/v74x139/test_full_isim_beh.exe -prj /home/ise/_ise_projects/v74x139/test_full_beh.prj test_full work.glbl 
ISim P.20131013 (signature 0xfbc00daa)
Number of CPUs detected in this system: 1
Turning on mult-threading, number of parallel sub-compilation jobs: 0 
Determining compilation order of HDL files
Analyzing Verilog file "/home/ise/_ise_projects/v74x139/v74x139_dataflow.v" into library work
Analyzing Verilog file "/home/ise/_ise_projects/v74x139/v74x139_behavior.v" into library work
Analyzing Verilog file "/home/ise/_ise_projects/v74x139/v74x139.v" into library work
Analyzing Verilog file "/home/ise/_ise_projects/v74x139/test_full.v" into library work
Analyzing Verilog file "/opt/Xilinx/14.7/ISE_DS/ISE//verilog/src/glbl.v" into library work
Starting static elaboration
Completed static elaboration
Fuse Memory Usage: 94920 KB
Fuse CPU Usage: 560 ms
Compiling module v74x139_dataflow
Compiling module v74x139_behavior
Compiling module v74x139
Compiling module test_full
Compiling module glbl
Time Resolution for simulation is 1ps.
Compiled 5 Verilog Units
Built simulation executable /home/ise/_ise_projects/v74x139/test_full_isim_beh.exe
Fuse Memory Usage: 98112 KB
Fuse CPU Usage: 670 ms
GCC CPU Usage: 480 ms
